2025-06-16T17:49:12.991-0400 [INFO]  Terraform version: 1.12.2
2025-06-16T17:49:12.991-0400 [DEBUG] using github.com/hashicorp/go-tfe v1.74.1
2025-06-16T17:49:12.991-0400 [DEBUG] using github.com/hashicorp/hcl/v2 v2.23.1-0.20250203194505-ba0759438da2
2025-06-16T17:49:12.991-0400 [DEBUG] using github.com/hashicorp/terraform-svchost v0.1.1
2025-06-16T17:49:12.991-0400 [DEBUG] using github.com/zclconf/go-cty v1.16.2
2025-06-16T17:49:12.991-0400 [INFO]  Go runtime version: go1.24.2
2025-06-16T17:49:12.991-0400 [INFO]  CLI args: []string{"terraform", "plan"}
2025-06-16T17:49:12.991-0400 [DEBUG] Attempting to open CLI config file: /home/jlopezre/.terraformrc
2025-06-16T17:49:12.991-0400 [DEBUG] File doesn't exist, but doesn't need to. Ignoring.
2025-06-16T17:49:12.991-0400 [DEBUG] ignoring non-existing provider search directory terraform.d/plugins
2025-06-16T17:49:12.991-0400 [DEBUG] ignoring non-existing provider search directory /home/jlopezre/.terraform.d/plugins
2025-06-16T17:49:12.991-0400 [DEBUG] ignoring non-existing provider search directory /home/jlopezre/.local/share/terraform/plugins
2025-06-16T17:49:12.991-0400 [DEBUG] ignoring non-existing provider search directory /usr/share/ubuntu/terraform/plugins
2025-06-16T17:49:12.991-0400 [DEBUG] ignoring non-existing provider search directory /usr/share/gnome/terraform/plugins
2025-06-16T17:49:12.991-0400 [DEBUG] ignoring non-existing provider search directory /home/jlopezre/.local/share/flatpak/exports/share/terraform/plugins
2025-06-16T17:49:12.991-0400 [DEBUG] ignoring non-existing provider search directory /var/lib/flatpak/exports/share/terraform/plugins
2025-06-16T17:49:12.991-0400 [DEBUG] ignoring non-existing provider search directory /usr/local/share/terraform/plugins
2025-06-16T17:49:12.991-0400 [DEBUG] ignoring non-existing provider search directory /usr/share/terraform/plugins
2025-06-16T17:49:12.991-0400 [DEBUG] ignoring non-existing provider search directory /var/lib/snapd/desktop/terraform/plugins
2025-06-16T17:49:12.992-0400 [INFO]  CLI command args: []string{"plan"}
2025-06-16T17:49:12.992-0400 [DEBUG] checking for provisioner in "."
2025-06-16T17:49:12.996-0400 [DEBUG] checking for provisioner in "/usr/bin"
2025-06-16T17:49:12.996-0400 [INFO]  backend/local: starting Plan operation
2025-06-16T17:49:13.000-0400 [DEBUG] Building and walking validate graph
2025-06-16T17:49:13.000-0400 [DEBUG] Starting graph walk: walkValidate
2025-06-16T17:49:13.000-0400 [INFO]  backend/local: plan calling Plan
2025-06-16T17:49:13.000-0400 [DEBUG] Building and walking plan graph for NormalMode
2025-06-16T17:49:13.000-0400 [DEBUG] Starting graph walk: walkPlan
2025-06-16T17:49:13.000-0400 [DEBUG] no planned changes, skipping apply graph check
2025-06-16T17:49:13.000-0400 [INFO]  backend/local: plan operation completed

[0m[1m[32mNo changes.[0m[1m Your infrastructure matches the configuration.[0m

[0mTerraform has compared your real infrastructure against your configuration
and found no differences, so no changes are needed.
